TN:
SF:src/utils/aws.ts
FN:14,(anonymous_0)
FN:27,(anonymous_1)
FN:42,(anonymous_2)
FN:52,(anonymous_3)
FN:66,(anonymous_4)
FN:84,(anonymous_5)
FNF:6
FNH:6
FNDA:23,(anonymous_0)
FNDA:3,(anonymous_1)
FNDA:5,(anonymous_2)
FNDA:3,(anonymous_3)
FNDA:6,(anonymous_4)
FNDA:4,(anonymous_5)
DA:1,1
DA:10,1
DA:15,23
DA:24,23
DA:28,3
DA:37,3
DA:38,2
DA:43,5
DA:44,5
DA:45,3
DA:47,2
DA:48,2
DA:53,3
DA:54,3
DA:61,2
DA:62,2
DA:67,6
DA:68,1
DA:70,5
DA:71,5
DA:77,5
DA:79,1
DA:80,1
DA:85,4
DA:86,1
DA:88,3
DA:89,3
DA:96,2
DA:97,2
LF:29
LH:29
BRDA:17,0,0,23
BRDA:17,0,1,17
BRDA:17,0,2,17
BRDA:30,1,0,3
BRDA:30,1,1,1
BRDA:30,1,2,1
BRDA:37,2,0,2
BRDA:45,3,0,3
BRDA:45,3,1,1
BRDA:47,4,0,1
BRDA:47,4,1,1
BRDA:47,5,0,2
BRDA:47,5,1,2
BRDA:61,6,0,1
BRDA:61,6,1,1
BRDA:61,7,0,2
BRDA:61,7,1,2
BRDA:67,8,0,1
BRDA:77,9,0,5
BRDA:77,9,1,1
BRDA:79,10,0,1
BRDA:79,10,1,0
BRDA:79,11,0,1
BRDA:79,11,1,1
BRDA:85,12,0,1
BRDA:96,13,0,1
BRDA:96,13,1,1
BRDA:96,14,0,2
BRDA:96,14,1,2
BRF:29
BRH:28
end_of_record
TN:
SF:src/utils/config.ts
FN:8,(anonymous_1)
FN:12,(anonymous_2)
FN:23,(anonymous_3)
FNF:3
FNH:3
FNDA:7,(anonymous_1)
FNDA:4,(anonymous_2)
FNDA:3,(anonymous_3)
DA:1,1
DA:2,1
DA:5,1
DA:9,7
DA:13,4
DA:14,4
DA:15,3
DA:18,2
DA:20,3
DA:24,3
DA:25,3
DA:26,1
DA:28,2
DA:29,2
LF:14
LH:14
BRDA:14,0,0,3
BRF:1
BRH:1
end_of_record
TN:
SF:src/utils/env.ts
FN:6,(anonymous_1)
FN:16,(anonymous_2)
FN:35,(anonymous_3)
FNF:3
FNH:3
FNDA:4,(anonymous_1)
FNDA:8,(anonymous_2)
FNDA:3,(anonymous_3)
DA:1,1
DA:2,1
DA:5,1
DA:7,4
DA:8,4
DA:9,4
DA:10,1
DA:13,3
DA:14,2
DA:16,2
DA:17,8
DA:18,5
DA:19,5
DA:20,5
DA:21,5
DA:22,5
DA:25,5
DA:29,2
DA:31,2
DA:40,3
DA:41,3
DA:42,3
DA:43,3
DA:44,3
DA:46,3
DA:47,7
DA:50,7
DA:53,3
DA:55,1
LF:29
LH:29
BRDA:6,0,0,4
BRDA:9,1,0,1
BRDA:17,2,0,3
BRDA:17,3,0,8
BRDA:17,3,1,7
BRDA:19,4,0,5
BRDA:37,5,0,3
BRDA:38,6,0,3
BRF:8
BRH:8
end_of_record
